<?xml version="1.0"?><coverage lines-covered="951" lines-valid="1034" line-rate="0.9197292069632496" branches-covered="0" branches-valid="0" branch-rate="0" complexity="0" version="1.9" timestamp="1782394121"><sources><source>/Users/macbook/stellar/Callora-Contracts</source></sources><packages><package name="contracts/vault/src" line-rate="0.9516407599309153" branch-rate="0" complexity="0"><classes><class name="lib" filename="contracts/vault/src/lib.rs" line-rate="0.9516407599309153" branch-rate="0" complexity="0"><methods/><lines><line number="227" hits="274"/><line number="237" hits="548"/><line number="238" hits="822"/><line number="239" hits="822"/><line number="240" hits="3"/><line number="242" hits="542"/><line number="243" hits="1"/><line number="245" hits="294"/><line number="246" hits="48"/><line number="247" hits="1"/><line number="250" hits="292"/><line number="251" hits="46"/><line number="252" hits="1"/><line number="255" hits="804"/><line number="256" hits="268"/><line number="257" hits="0"/><line number="259" hits="804"/><line number="260" hits="268"/><line number="261" hits="2"/><line number="263" hits="798"/><line number="264" hits="266"/><line number="265" hits="1"/><line number="267" hits="265"/><line number="268" hits="1"/><line number="270" hits="264"/><line number="271" hits="131"/><line number="272" hits="524"/><line number="273" hits="131"/><line number="274" hits="2"/><line number="278" hits="786"/><line number="283" hits="1048"/><line number="284" hits="1048"/><line number="285" hits="1048"/><line number="286" hits="308"/><line number="287" hits="69"/><line number="289" hits="1048"/><line number="290" hits="524"/><line number="291" hits="262"/><line number="292" hits="1572"/><line number="293" hits="262"/><line number="301" hits="9160"/><line number="302" hits="9160"/><line number="304" hits="18320"/><line number="305" hits="18320"/><line number="309" hits="3222"/><line number="310" hits="6445"/><line number="314" hits="123"/><line number="315" hits="123"/><line number="317" hits="246"/><line number="318" hits="246"/><line number="322" hits="2"/><line number="323" hits="2"/><line number="325" hits="4"/><line number="326" hits="4"/><line number="330" hits="1417"/><line number="331" hits="1417"/><line number="333" hits="2834"/><line number="334" hits="1417"/><line number="339" hits="19"/><line number="340" hits="19"/><line number="342" hits="38"/><line number="343" hits="38"/><line number="347" hits="26"/><line number="348" hits="78"/><line number="352" hits="4"/><line number="353" hits="12"/><line number="357" hits="4"/><line number="358" hits="12"/><line number="363" hits="7"/><line number="364" hits="21"/><line number="366" hits="28"/><line number="367" hits="28"/><line number="368" hits="14"/><line number="374" hits="2775"/><line number="375" hits="2775"/><line number="377" hits="5550"/><line number="383" hits="947"/><line number="384" hits="3788"/><line number="385" hits="947"/><line number="386" hits="934"/><line number="388" hits="39"/><line number="391" hits="26"/><line number="392" hits="39"/><line number="393" hits="26"/><line number="397" hits="11"/><line number="398" hits="11"/><line number="400" hits="22"/><line number="404" hits="6"/><line number="405" hits="6"/><line number="407" hits="12"/><line number="408" hits="18"/><line number="415" hits="7"/><line number="416" hits="14"/><line number="417" hits="28"/><line number="418" hits="7"/><line number="419" hits="1"/><line number="421" hits="6"/><line number="423" hits="18"/><line number="424" hits="6"/><line number="425" hits="36"/><line number="426" hits="6"/><line number="429" hits="7"/><line number="430" hits="19"/><line number="433" hits="14"/><line number="434" hits="15"/><line number="435" hits="12"/><line number="436" hits="24"/><line number="437" hits="24"/><line number="438" hits="18"/><line number="439" hits="6"/><line number="440" hits="36"/><line number="441" hits="6"/><line number="444" hits="52"/><line number="445" hits="208"/><line number="446" hits="52"/><line number="447" hits="4"/><line number="449" hits="48"/><line number="453" hits="7"/><line number="454" hits="28"/><line number="455" hits="14"/><line number="456" hits="13"/><line number="457" hits="12"/><line number="458" hits="1"/><line number="461" hits="18"/><line number="462" hits="18"/><line number="463" hits="24"/><line number="464" hits="12"/><line number="466" hits="24"/><line number="467" hits="6"/><line number="469" hits="6"/><line number="471" hits="6"/><line number="478" hits="3"/><line number="479" hits="12"/><line number="480" hits="6"/><line number="481" hits="3"/><line number="482" hits="1"/><line number="484" hits="8"/><line number="485" hits="2"/><line number="487" hits="6"/><line number="488" hits="4"/><line number="489" hits="6"/><line number="490" hits="2"/><line number="492" hits="2"/><line number="495" hits="22"/><line number="500" hits="44"/><line number="501" hits="111"/><line number="502" hits="21"/><line number="503" hits="18"/><line number="504" hits="54"/><line number="507" hits="36"/><line number="508" hits="54"/><line number="509" hits="53"/><line number="510" hits="34"/><line number="512" hits="18"/><line number="514" hits="54"/><line number="516" hits="3"/><line number="517" hits="6"/><line number="519" hits="9"/><line number="522" hits="21"/><line number="525" hits="0"/><line number="526" hits="0"/><line number="527" hits="0"/><line number="528" hits="0"/><line number="530" hits="0"/><line number="531" hits="0"/><line number="534" hits="50"/><line number="535" hits="100"/><line number="536" hits="202"/><line number="537" hits="144"/><line number="538" hits="2"/><line number="540" hits="184"/><line number="541" hits="46"/><line number="542" hits="230"/><line number="543" hits="46"/><line number="546" hits="36"/><line number="547" hits="72"/><line number="548" hits="146"/><line number="549" hits="68"/><line number="550" hits="1"/><line number="552" hits="132"/><line number="553" hits="33"/><line number="554" hits="165"/><line number="555" hits="33"/><line number="571" hits="1033"/><line number="573" hits="3186"/><line number="574" hits="1892"/><line number="575" hits="946"/><line number="576" hits="2"/><line number="578" hits="4720"/><line number="579" hits="5"/><line number="581" hits="3756"/><line number="582" hits="939"/><line number="583" hits="4"/><line number="585" hits="2805"/><line number="588" hits="1870"/><line number="589" hits="1870"/><line number="592" hits="935"/><line number="593" hits="935"/><line number="594" hits="1870"/><line number="595" hits="1872"/><line number="596" hits="3732"/><line number="597" hits="933"/><line number="599" hits="933"/><line number="600" hits="1866"/><line number="601" hits="3732"/><line number="602" hits="933"/><line number="609" hits="2799"/><line number="610" hits="933"/><line number="611" hits="933"/><line number="612" hits="933"/><line number="615" hits="933"/><line number="639" hits="946"/><line number="645" hits="2909"/><line number="646" hits="1750"/><line number="647" hits="875"/><line number="648" hits="3"/><line number="650" hits="3489"/><line number="651" hits="3484"/><line number="652" hits="871"/><line number="653" hits="3"/><line number="656" hits="886"/><line number="657" hits="58"/><line number="659" hits="3456"/><line number="660" hits="864"/><line number="661" hits="30"/><line number="663" hits="2502"/><line number="664" hits="2493"/><line number="667" hits="1662"/><line number="668" hits="1662"/><line number="675" hits="4155"/><line number="678" hits="3324"/><line number="679" hits="1662"/><line number="680" hits="831"/><line number="681" hits="831"/><line number="682" hits="831"/><line number="683" hits="831"/><line number="687" hits="3324"/><line number="688" hits="831"/><line number="689" hits="831"/><line number="690" hits="1662"/><line number="691" hits="1662"/><line number="692" hits="3324"/><line number="693" hits="831"/><line number="695" hits="831"/><line number="697" hits="861"/><line number="698" hits="30"/><line number="701" hits="4986"/><line number="702" hits="1662"/><line number="703" hits="3324"/><line number="704" hits="831"/><line number="706" hits="831"/><line number="727" hits="542"/><line number="732" hits="1627"/><line number="733" hits="1082"/><line number="734" hits="2165"/><line number="735" hits="1620"/><line number="736" hits="540"/><line number="737" hits="1"/><line number="739" hits="539"/><line number="740" hits="1"/><line number="742" hits="2152"/><line number="743" hits="2152"/><line number="744" hits="1076"/><line number="745" hits="1614"/><line number="747" hits="2152"/><line number="749" hits="2119"/><line number="750" hits="1043"/><line number="751" hits="1"/><line number="753" hits="1042"/><line number="754" hits="62"/><line number="756" hits="980"/><line number="757" hits="252"/><line number="761" hits="746"/><line number="762" hits="55"/><line number="763" hits="51"/><line number="764" hits="1"/><line number="766" hits="64"/><line number="768" hits="726"/><line number="769" hits="1452"/><line number="770" hits="1452"/><line number="771" hits="3630"/><line number="773" hits="663"/><line number="774" hits="654"/><line number="777" hits="436"/><line number="778" hits="436"/><line number="782" hits="1090"/><line number="785" hits="872"/><line number="786" hits="436"/><line number="787" hits="218"/><line number="788" hits="218"/><line number="789" hits="218"/><line number="790" hits="218"/><line number="794" hits="872"/><line number="795" hits="218"/><line number="796" hits="872"/><line number="797" hits="218"/><line number="799" hits="218"/><line number="801" hits="881"/><line number="802" hits="469"/><line number="803" hits="24"/><line number="807" hits="1326"/><line number="808" hits="3115"/><line number="809" hits="1335"/><line number="810" hits="2670"/><line number="811" hits="445"/><line number="814" hits="218"/><line number="817" hits="5"/><line number="818" hits="20"/><line number="819" hits="10"/><line number="820" hits="5"/><line number="821" hits="1"/><line number="823" hits="4"/><line number="825" hits="12"/><line number="826" hits="8"/><line number="828" hits="16"/><line number="829" hits="4"/><line number="830" hits="4"/><line number="834" hits="4"/><line number="837" hits="5"/><line number="838" hits="13"/><line number="841" hits="10"/><line number="842" hits="11"/><line number="843" hits="8"/><line number="844" hits="16"/><line number="845" hits="12"/><line number="846" hits="8"/><line number="847" hits="16"/><line number="848" hits="12"/><line number="849" hits="8"/><line number="850" hits="16"/><line number="853" hits="4"/><line number="856" hits="12"/><line number="857" hits="48"/><line number="858" hits="24"/><line number="859" hits="12"/><line number="860" hits="2"/><line number="862" hits="10"/><line number="863" hits="1"/><line number="865" hits="27"/><line number="868" hits="18"/><line number="869" hits="18"/><line number="871" hits="27"/><line number="872" hits="9"/><line number="873" hits="9"/><line number="874" hits="9"/><line number="876" hits="9"/><line number="877" hits="9"/><line number="878" hits="18"/><line number="879" hits="18"/><line number="880" hits="36"/><line number="881" hits="9"/><line number="883" hits="9"/><line number="884" hits="18"/><line number="885" hits="36"/><line number="886" hits="9"/><line number="888" hits="9"/><line number="904" hits="10"/><line number="905" hits="40"/><line number="906" hits="20"/><line number="907" hits="10"/><line number="908" hits="1"/><line number="910" hits="9"/><line number="911" hits="1"/><line number="913" hits="24"/><line number="916" hits="16"/><line number="917" hits="16"/><line number="918" hits="16"/><line number="919" hits="1"/><line number="921" hits="7"/><line number="922" hits="1"/><line number="924" hits="36"/><line number="925" hits="6"/><line number="926" hits="6"/><line number="927" hits="12"/><line number="928" hits="12"/><line number="929" hits="24"/><line number="930" hits="6"/><line number="932" hits="6"/><line number="933" hits="12"/><line number="935" hits="24"/><line number="936" hits="18"/><line number="937" hits="6"/><line number="939" hits="6"/><line number="941" hits="6"/><line number="959" hits="10"/><line number="965" hits="20"/><line number="966" hits="40"/><line number="967" hits="10"/><line number="968" hits="2"/><line number="970" hits="8"/><line number="971" hits="2"/><line number="973" hits="18"/><line number="976" hits="12"/><line number="977" hits="12"/><line number="978" hits="24"/><line number="979" hits="18"/><line number="980" hits="1"/><line number="983" hits="5"/><line number="984" hits="30"/><line number="985" hits="25"/><line number="986" hits="5"/><line number="989" hits="18"/><line number="994" hits="36"/><line number="995" hits="72"/><line number="996" hits="18"/><line number="997" hits="1"/><line number="999" hits="17"/><line number="1000" hits="12"/><line number="1001" hits="24"/><line number="1002" hits="1"/><line number="1004" hits="11"/><line number="1006" hits="33"/><line number="1007" hits="11"/><line number="1008" hits="55"/><line number="1010" hits="5"/><line number="1011" hits="20"/><line number="1012" hits="10"/><line number="1013" hits="20"/><line number="1016" hits="16"/><line number="1022" hits="70"/><line number="1027" hits="140"/><line number="1028" hits="280"/><line number="1029" hits="70"/><line number="1030" hits="1"/><line number="1032" hits="138"/><line number="1033" hits="1"/><line number="1035" hits="204"/><line number="1038" hits="136"/><line number="1039" hits="136"/><line number="1040" hits="68"/><line number="1041" hits="1"/><line number="1043" hits="138"/><line number="1046" hits="67"/><line number="1048" hits="4"/><line number="1049" hits="1"/><line number="1052" hits="66"/><line number="1054" hits="198"/><line number="1055" hits="132"/><line number="1056" hits="198"/><line number="1057" hits="66"/><line number="1059" hits="66"/><line number="1062" hits="14"/><line number="1068" hits="28"/><line number="1069" hits="71"/><line number="1070" hits="13"/><line number="1071" hits="1"/><line number="1073" hits="12"/><line number="1074" hits="1"/><line number="1076" hits="11"/><line number="1078" hits="33"/><line number="1079" hits="22"/><line number="1080" hits="44"/><line number="1081" hits="22"/><line number="1083" hits="11"/><line number="1091" hits="3"/><line number="1097" hits="6"/><line number="1098" hits="15"/><line number="1099" hits="3"/><line number="1100" hits="1"/><line number="1102" hits="4"/><line number="1103" hits="4"/><line number="1104" hits="0"/><line number="1106" hits="4"/><line number="1107" hits="6"/><line number="1108" hits="6"/><line number="1109" hits="2"/><line number="1110" hits="10"/><line number="1111" hits="2"/><line number="1112" hits="1"/><line number="1114" hits="1"/><line number="1116" hits="3"/><line number="1117" hits="2"/><line number="1118" hits="4"/><line number="1119" hits="2"/><line number="1121" hits="1"/><line number="1125" hits="1"/><line number="1126" hits="1"/><line number="1128" hits="2"/><line number="1131" hits="6"/><line number="1137" hits="12"/><line number="1138" hits="31"/><line number="1139" hits="5"/><line number="1140" hits="0"/><line number="1142" hits="5"/><line number="1143" hits="0"/><line number="1145" hits="15"/><line number="1148" hits="10"/><line number="1149" hits="20"/><line number="1150" hits="5"/><line number="1152" hits="15"/><line number="1153" hits="10"/><line number="1154" hits="20"/><line number="1155" hits="10"/><line number="1157" hits="5"/><line number="1168" hits="4"/><line number="1173" hits="8"/><line number="1174" hits="21"/><line number="1175" hits="3"/><line number="1176" hits="0"/><line number="1178" hits="3"/><line number="1180" hits="6"/><line number="1181" hits="6"/><line number="1182" hits="12"/><line number="1185" hits="3"/><line number="1207" hits="2"/><line number="1208" hits="4"/><line number="1209" hits="12"/><line number="1213" hits="2"/><line number="1214" hits="6"/><line number="1217" hits="2"/><line number="1219" hits="6"/><line number="1222" hits="2"/><line number="1223" hits="10"/><line number="1229" hits="1"/><line number="1230" hits="3"/><line number="1237" hits="1413"/><line number="1238" hits="5652"/><line number="1239" hits="2826"/><line number="1240" hits="2947"/><line number="1241" hits="57"/><line number="1243" hits="1413"/><line number="1244" hits="2"/><line number="1246" hits="1411"/><line number="1251" hits="15"/><line number="1252" hits="15"/><line number="1254" hits="30"/><line number="1259" hits="36"/><line number="1260" hits="36"/><line number="1263" hits="72"/><line number="1265" hits="5"/><line number="1267" hits="31"/><line number="1271" hits="26"/><line number="1272" hits="52"/><line number="1273" hits="104"/><line number="1274" hits="52"/><line number="1275" hits="26"/><line number="1281" hits="1049"/><line number="1282" hits="6294"/><line number="1285" hits="1055"/><line number="1286" hits="1055"/><line number="1288" hits="2110"/><line number="1289" hits="2110"/><line number="1292" hits="2521"/><line number="1293" hits="5042"/><line number="1294" hits="159"/><line number="1296" hits="2362"/><line number="1299" hits="86"/><line number="1300" hits="258"/><line number="1303" hits="172"/><line number="1304" hits="172"/><line number="1305" hits="258"/><line number="1306" hits="90"/><line number="1307" hits="4"/><line number="1309" hits="82"/><line number="1316" hits="0"/><line number="1317" hits="0"/><line number="1318" hits="0"/><line number="1319" hits="0"/><line number="1322" hits="0"/><line number="1323" hits="0"/><line number="1324" hits="0"/><line number="1325" hits="0"/><line number="1327" hits="0"/><line number="1329" hits="0"/><line number="1330" hits="0"/><line number="1331" hits="0"/><line number="1332" hits="0"/><line number="1335" hits="3"/><line number="1336" hits="6"/><line number="1337" hits="15"/><line number="1338" hits="3"/><line number="1340" hits="9"/><line number="1341" hits="3"/><line number="1342" hits="15"/><line number="1343" hits="3"/><line number="1346" hits="0"/><line number="1347" hits="0"/><line number="1349" hits="0"/><line number="1350" hits="0"/></lines></class></classes></package><package name="contracts/revenue_pool/src" line-rate="0.7365591397849462" branch-rate="0" complexity="0"><classes><class name="lib" filename="contracts/revenue_pool/src/lib.rs" line-rate="0.7365591397849462" branch-rate="0" complexity="0"><methods/><lines><line number="64" hits="53"/><line number="65" hits="106"/><line number="66" hits="106"/><line number="67" hits="1"/><line number="69" hits="52"/><line number="70" hits="1"/><line number="72" hits="153"/><line number="73" hits="204"/><line number="74" hits="2"/><line number="76" hits="245"/><line number="77" hits="245"/><line number="80" hits="98"/><line number="82" hits="49"/><line number="83" hits="245"/><line number="96" hits="56"/><line number="97" hits="56"/><line number="99" hits="168"/><line number="116" hits="10"/><line number="117" hits="20"/><line number="118" hits="40"/><line number="119" hits="10"/><line number="120" hits="1"/><line number="122" hits="27"/><line number="123" hits="45"/><line number="124" hits="18"/><line number="127" hits="18"/><line number="128" hits="36"/><line number="129" hits="27"/><line number="132" hits="18"/><line number="133" hits="27"/><line number="134" hits="9"/><line number="145" hits="8"/><line number="146" hits="8"/><line number="148" hits="24"/><line number="164" hits="9"/><line number="165" hits="18"/><line number="166" hits="27"/><line number="167" hits="27"/><line number="168" hits="27"/><line number="171" hits="9"/><line number="172" hits="2"/><line number="175" hits="35"/><line number="176" hits="28"/><line number="177" hits="14"/><line number="179" hits="7"/><line number="180" hits="35"/><line number="183" hits="25"/><line number="184" hits="25"/><line number="187" hits="75"/><line number="190" hits="0"/><line number="204" hits="0"/><line number="205" hits="0"/><line number="206" hits="0"/><line number="207" hits="0"/><line number="208" hits="0"/><line number="210" hits="0"/><line number="211" hits="0"/><line number="213" hits="0"/><line number="214" hits="0"/><line number="215" hits="0"/><line number="228" hits="0"/><line number="229" hits="0"/><line number="230" hits="0"/><line number="231" hits="0"/><line number="232" hits="0"/><line number="234" hits="0"/><line number="235" hits="0"/><line number="237" hits="0"/><line number="238" hits="0"/><line number="239" hits="0"/><line number="245" hits="0"/><line number="246" hits="0"/><line number="248" hits="0"/><line number="274" hits="7"/><line number="275" hits="14"/><line number="276" hits="28"/><line number="277" hits="7"/><line number="278" hits="2"/><line number="280" hits="10"/><line number="281" hits="15"/><line number="282" hits="5"/><line number="288" hits="21"/><line number="289" hits="21"/><line number="291" hits="63"/><line number="292" hits="21"/><line number="300" hits="0"/><line number="301" hits="0"/><line number="302" hits="0"/><line number="303" hits="0"/><line number="304" hits="0"/><line number="306" hits="0"/><line number="307" hits="0"/><line number="308" hits="0"/><line number="310" hits="0"/><line number="311" hits="0"/><line number="312" hits="0"/><line number="313" hits="0"/><line number="317" hits="68"/><line number="320" hits="68"/><line number="321" hits="2"/><line number="343" hits="7"/><line number="344" hits="14"/><line number="345" hits="14"/><line number="346" hits="28"/><line number="347" hits="7"/><line number="348" hits="0"/><line number="350" hits="7"/><line number="351" hits="1"/><line number="353" hits="24"/><line number="354" hits="6"/><line number="355" hits="0"/><line number="358" hits="18"/><line number="361" hits="18"/><line number="362" hits="12"/><line number="363" hits="24"/><line number="365" hits="18"/><line number="366" hits="18"/><line number="368" hits="24"/><line number="369" hits="0"/><line number="375" hits="18"/><line number="376" hits="1"/><line number="379" hits="5"/><line number="381" hits="5"/><line number="383" hits="25"/><line number="384" hits="5"/><line number="385" hits="25"/><line number="457" hits="18"/><line number="459" hits="36"/><line number="460" hits="36"/><line number="461" hits="72"/><line number="462" hits="18"/><line number="463" hits="1"/><line number="466" hits="51"/><line number="467" hits="17"/><line number="468" hits="1"/><line number="470" hits="16"/><line number="471" hits="1"/><line number="482" hits="60"/><line number="483" hits="60"/><line number="484" hits="45"/><line number="486" hits="108"/><line number="487" hits="234"/><line number="490" hits="312"/><line number="491" hits="5"/><line number="493" hits="292"/><line number="496" hits="73"/><line number="497" hits="2"/><line number="499" hits="71"/><line number="500" hits="0"/><line number="503" hits="71"/><line number="504" hits="142"/><line number="505" hits="71"/><line number="509" hits="24"/><line number="512" hits="24"/><line number="513" hits="16"/><line number="514" hits="32"/><line number="515" hits="24"/><line number="517" hits="24"/><line number="518" hits="1"/><line number="522" hits="7"/><line number="524" hits="7"/><line number="529" hits="136"/><line number="530" hits="244"/><line number="531" hits="244"/><line number="532" hits="366"/><line number="535" hits="122"/><line number="536" hits="244"/><line number="550" hits="7"/><line number="551" hits="21"/><line number="554" hits="21"/><line number="556" hits="28"/><line number="557" hits="21"/><line number="565" hits="1"/><line number="566" hits="2"/><line number="567" hits="4"/><line number="568" hits="1"/><line number="569" hits="1"/><line number="574" hits="0"/><line number="575" hits="0"/><line number="578" hits="0"/><line number="580" hits="0"/><line number="583" hits="0"/><line number="584" hits="0"/><line number="590" hits="0"/><line number="591" hits="0"/><line number="593" hits="0"/></lines></class></classes></package><package name="contracts/settlement/src" line-rate="0.9776951672862454" branch-rate="0" complexity="0"><classes><class name="lib" filename="contracts/settlement/src/lib.rs" line-rate="0.9776951672862454" branch-rate="0" complexity="0"><methods/><lines><line number="153" hits="132"/><line number="154" hits="264"/><line number="155" hits="396"/><line number="156" hits="396"/><line number="157" hits="6"/><line number="159" hits="130"/><line number="160" hits="1"/><line number="162" hits="258"/><line number="163" hits="1"/><line number="165" hits="256"/><line number="166" hits="1"/><line number="168" hits="508"/><line number="169" hits="508"/><line number="172" hits="127"/><line number="174" hits="508"/><line number="203" hits="1340"/><line number="210" hits="2680"/><line number="211" hits="6700"/><line number="212" hits="1340"/><line number="213" hits="12"/><line number="215" hits="4008"/><line number="216" hits="1336"/><line number="217" hits="2314"/><line number="218" hits="3"/><line number="220" hits="4624"/><line number="221" hits="1156"/><line number="222" hits="1156"/><line number="223" hits="2312"/><line number="224" hits="1159"/><line number="225" hits="1156"/><line number="226" hits="4624"/><line number="227" hits="2312"/><line number="228" hits="4624"/><line number="229" hits="1156"/><line number="230" hits="3468"/><line number="231" hits="1156"/><line number="232" hits="1156"/><line number="233" hits="1156"/><line number="237" hits="358"/><line number="238" hits="182"/><line number="241" hits="537"/><line number="244" hits="358"/><line number="246" hits="358"/><line number="247" hits="358"/><line number="248" hits="182"/><line number="251" hits="358"/><line number="252" hits="179"/><line number="253" hits="179"/><line number="257" hits="358"/><line number="258" hits="179"/><line number="264" hits="537"/><line number="265" hits="358"/><line number="266" hits="215"/><line number="267" hits="13202"/><line number="268" hits="870"/><line number="269" hits="522"/><line number="272" hits="358"/><line number="273" hits="716"/><line number="274" hits="179"/><line number="275" hits="537"/><line number="276" hits="358"/><line number="277" hits="179"/><line number="278" hits="179"/><line number="281" hits="358"/><line number="282" hits="716"/><line number="283" hits="179"/><line number="284" hits="358"/><line number="285" hits="179"/><line number="286" hits="179"/><line number="316" hits="10"/><line number="317" hits="20"/><line number="318" hits="50"/><line number="320" hits="30"/><line number="321" hits="20"/><line number="322" hits="16"/><line number="325" hits="71"/><line number="326" hits="114"/><line number="327" hits="114"/><line number="330" hits="15"/><line number="332" hits="65"/><line number="333" hits="165"/><line number="334" hits="165"/><line number="337" hits="110"/><line number="339" hits="110"/><line number="340" hits="110"/><line number="341" hits="55"/><line number="342" hits="55"/><line number="344" hits="165"/><line number="345" hits="110"/><line number="346" hits="55"/><line number="351" hits="165"/><line number="352" hits="110"/><line number="353" hits="63"/><line number="354" hits="2618"/><line number="355" hits="270"/><line number="356" hits="162"/><line number="358" hits="110"/><line number="359" hits="220"/><line number="360" hits="55"/><line number="361" hits="165"/><line number="362" hits="55"/><line number="363" hits="55"/><line number="370" hits="1430"/><line number="371" hits="1430"/><line number="373" hits="2860"/><line number="374" hits="1436"/><line number="378" hits="1376"/><line number="379" hits="1376"/><line number="381" hits="2752"/><line number="382" hits="1379"/><line number="386" hits="1175"/><line number="387" hits="1175"/><line number="389" hits="2350"/><line number="390" hits="1178"/><line number="406" hits="70"/><line number="407" hits="140"/><line number="408" hits="3"/><line number="410" hits="69"/><line number="412" hits="138"/><line number="420" hits="3"/><line number="421" hits="6"/><line number="422" hits="12"/><line number="423" hits="3"/><line number="424" hits="0"/><line number="426" hits="6"/><line number="427" hits="0"/><line number="429" hits="3"/><line number="431" hits="9"/><line number="434" hits="2"/><line number="435" hits="2"/><line number="437" hits="4"/><line number="438" hits="4"/><line number="445" hits="5"/><line number="450" hits="10"/><line number="451" hits="5"/><line number="452" hits="2"/><line number="455" hits="9"/><line number="458" hits="6"/><line number="460" hits="3"/><line number="461" hits="1"/><line number="464" hits="4"/><line number="465" hits="4"/><line number="466" hits="4"/><line number="468" hits="8"/><line number="469" hits="8"/><line number="470" hits="6"/><line number="472" hits="6"/><line number="473" hits="0"/><line number="476" hits="10"/><line number="478" hits="4"/><line number="479" hits="2"/><line number="480" hits="2"/><line number="482" hits="4"/><line number="483" hits="2"/><line number="488" hits="4"/><line number="489" hits="8"/><line number="490" hits="2"/><line number="491" hits="4"/><line number="492" hits="2"/><line number="493" hits="2"/><line number="497" hits="2"/><line number="535" hits="11"/><line number="539" hits="22"/><line number="540" hits="44"/><line number="541" hits="11"/><line number="542" hits="9"/><line number="544" hits="24"/><line number="545" hits="24"/><line number="546" hits="16"/><line number="547" hits="16"/><line number="549" hits="24"/><line number="550" hits="228"/><line number="551" hits="424"/><line number="552" hits="424"/><line number="555" hits="318"/><line number="557" hits="318"/><line number="558" hits="212"/><line number="559" hits="106"/><line number="562" hits="8"/><line number="570" hits="2"/><line number="576" hits="4"/><line number="577" hits="8"/><line number="578" hits="2"/><line number="579" hits="0"/><line number="582" hits="6"/><line number="583" hits="6"/><line number="584" hits="4"/><line number="585" hits="2"/><line number="587" hits="6"/><line number="588" hits="0"/><line number="591" hits="4"/><line number="592" hits="6"/><line number="593" hits="6"/><line number="594" hits="6"/><line number="595" hits="4"/><line number="596" hits="58"/><line number="597" hits="160"/><line number="598" hits="159"/><line number="601" hits="159"/><line number="603" hits="159"/><line number="604" hits="106"/><line number="605" hits="53"/><line number="608" hits="54"/><line number="609" hits="0"/><line number="611" hits="54"/><line number="613" hits="2"/><line number="623" hits="3"/><line number="624" hits="9"/><line number="649" hits="20"/><line number="650" hits="40"/><line number="651" hits="80"/><line number="652" hits="20"/><line number="653" hits="12"/><line number="655" hits="16"/><line number="657" hits="48"/><line number="659" hits="32"/><line number="661" hits="64"/><line number="662" hits="16"/><line number="663" hits="16"/><line number="685" hits="13"/><line number="686" hits="39"/><line number="687" hits="39"/><line number="688" hits="26"/><line number="690" hits="26"/><line number="692" hits="52"/><line number="693" hits="52"/><line number="694" hits="39"/><line number="696" hits="13"/><line number="697" hits="78"/><line number="709" hits="3"/><line number="711" hits="12"/><line number="729" hits="14"/><line number="730" hits="28"/><line number="731" hits="56"/><line number="732" hits="14"/><line number="733" hits="9"/><line number="735" hits="22"/><line number="736" hits="1"/><line number="739" hits="30"/><line number="740" hits="40"/><line number="741" hits="40"/><line number="743" hits="20"/><line number="744" hits="30"/><line number="745" hits="10"/><line number="746" hits="10"/><line number="747" hits="10"/><line number="763" hits="8"/><line number="764" hits="16"/><line number="766" hits="24"/><line number="767" hits="24"/><line number="768" hits="16"/><line number="769" hits="8"/><line number="771" hits="32"/><line number="772" hits="10"/><line number="773" hits="1"/><line number="776" hits="28"/><line number="777" hits="28"/><line number="778" hits="21"/><line number="780" hits="14"/><line number="781" hits="28"/><line number="782" hits="7"/><line number="783" hits="14"/><line number="784" hits="7"/><line number="785" hits="7"/><line number="791" hits="1350"/><line number="792" hits="5400"/><line number="793" hits="5400"/><line number="794" hits="1357"/><line number="795" hits="9"/></lines></class></classes></package></packages></coverage>